## JACUSA2 Version: 2.0.4 call-1 -r results_call1.out align_md.bam
#contig	start	end	name	score	strand	bases11	info	filter	ref
U26942.1	27	28	call-1	0.5641592932527288	.	1,0,15,0	*	*	G
U26942.1	50	51	call-1	0.4867523965318128	.	0,30,1,0	*	*	C
U26942.1	72	73	call-1	2.2834732170157395	.	1,0,41,2	*	*	G
U26942.1	157	158	call-1	0.3112147492963686	.	104,0,1,0	*	*	A
U26942.1	175	176	call-1	0.31002575693287326	.	0,0,105,1	*	*	G
U26942.1	182	183	call-1	0.3036626880057156	.	1,0,0,109	*	*	T
U26942.1	194	195	call-1	0.29925703331218756	.	0,0,112,1	*	*	G
U26942.1	224	225	call-1	0.30040866298986657	.	0,112,0,1	*	*	C
U26942.1	241	242	call-1	0.30686488848186855	.	107,0,0,1	*	*	A
U26942.1	247	248	call-1	0.30730093064380526	.	107,1,0,0	*	*	A
U26942.1	275	276	call-1	0.3152588572197601	.	1,0,101,0	*	*	G
U26942.1	399	400	call-1	0.3367525397334248	.	0,0,1,88	*	*	T
U26942.1	430	431	call-1	0.3435652329369532	.	0,0,84,1	*	*	G
U26942.1	484	485	call-1	0.3299949840929912	.	92,0,1,0	*	*	A
U26942.1	507	508	call-1	0.3355418609453409	.	89,0,0,1	*	*	A
U26942.1	528	529	call-1	0.32888115127843776	.	93,1,0,0	*	*	A
U26942.1	572	573	call-1	0.3192397074440123	.	0,99,0,1	*	*	C
U26942.1	630	631	call-1	0.330962057385932	.	0,0,91,1	*	*	G
U26942.1	638	639	call-1	0.3334227768561959	.	0,1,90,0	*	*	G
U26942.1	713	714	call-1	0.32424220094230805	.	1,0,96,0	*	*	G
U26942.1	737	738	call-1	0.328445851358083	.	0,1,93,0	*	*	G
U26942.1	769	770	call-1	0.33466101010935745	.	89,1,0,0	*	*	A
U26942.1	783	784	call-1	0.3155953042000874	.	101,1,0,0	*	*	A
U26942.1	794	795	call-1	0.31596581649500877	.	0,1,101,0	*	*	G
U26942.1	812	813	call-1	0.32686816955629183	.	1,94,0,0	*	*	C
U26942.1	846	847	call-1	0.31068043023651626	.	104,1,0,0	*	*	A
U26942.1	858	859	call-1	0.3280702230817951	.	0,93,1,0	*	*	C
U26942.1	912	913	call-1	0.33186811024052076	.	0,0,91,1	*	*	G
U26942.1	978	979	call-1	0.3268558373031283	.	94,1,0,0	*	*	A
U26942.1	994	995	call-1	0.333712026997091	.	0,1,90,0	*	*	G
U26942.1	996	997	call-1	0.33188914606103026	.	91,0,1,0	*	*	A
U26942.1	1053	1054	call-1	0.306404599546795	.	107,0,0,1	*	*	A
U26942.1	1075	1076	call-1	0.3040773746324703	.	0,0,1,109	*	*	T
U26942.1	1108	1109	call-1	0.31750148973083014	.	100,0,1,0	*	*	A
U26942.1	1122	1123	call-1	0.306742042256019	.	107,1,0,0	*	*	A
U26942.1	1123	1124	call-1	0.3108044687974143	.	104,1,0,0	*	*	A
U26942.1	1271	1272	call-1	0.344749805889478	.	0,83,0,1	*	*	C
U26942.1	1274	1275	call-1	0.342007020065239	.	1,0,85,0	*	*	G
U26942.1	1275	1276	call-1	0.33806760620791465	.	0,0,1,87	*	*	T
U26942.1	1408	1409	call-1	0.30310029579231923	.	1,0,110,0	*	*	G
U26942.1	1428	1429	call-1	0.29988617325034284	.	112,0,1,0	*	*	A
U26942.1	1464	1465	call-1	0.31157019827514887	.	0,0,1,104	*	*	T
U26942.1	1472	1473	call-1	0.30984987175247625	.	105,0,1,0	*	*	A
U26942.1	1515	1516	call-1	0.31720753421336667	.	100,0,0,1	*	*	A
U26942.1	1536	1537	call-1	0.3175731649548652	.	1,100,0,0	*	*	C
U26942.1	1558	1559	call-1	0.32567257028517815	.	0,0,95,1	*	*	G
U26942.1	1566	1567	call-1	0.32703692761651837	.	94,0,0,1	*	*	A
U26942.1	1594	1595	call-1	0.32685240303862884	.	0,1,94,0	*	*	G
U26942.1	1619	1620	call-1	0.3257807862732989	.	0,95,0,1	*	*	C
U26942.1	1621	1622	call-1	0.31994191836565733	.	0,1,0,98	*	*	T
U26942.1	1628	1629	call-1	0.3173876805230975	.	1,0,0,100	*	*	T
U26942.1	1653	1654	call-1	0.3043044756886957	.	109,0,1,0	*	*	A
U26942.1	1668	1669	call-1	0.3052441665918195	.	108,1,0,0	*	*	A
U26942.1	1690	1691	call-1	0.2964231080745776	.	0,0,115,1	*	*	G
U26942.1	1704	1705	call-1	0.29813245637342334	.	0,0,1,113	*	*	T
U26942.1	1711	1712	call-1	0.30407925800727753	.	0,0,109,1	*	*	G
U26942.1	1735	1736	call-1	0.2957579104859178	.	115,0,1,0	*	*	A
U26942.1	1798	1799	call-1	0.30746111535381715	.	107,0,0,1	*	*	A
U26942.1	1817	1818	call-1	0.30499887419864535	.	1,0,0,108	*	*	T
U26942.1	1845	1846	call-1	0.3202218757717219	.	98,0,1,0	*	*	A
U26942.1	1872	1873	call-1	0.3138864290667698	.	1,0,0,102	*	*	T
U26942.1	1926	1927	call-1	0.3233130866428837	.	0,1,0,96	*	*	T
U26942.1	2013	2014	call-1	0.3112238798157705	.	104,0,1,0	*	*	A
U26942.1	2017	2018	call-1	0.30798163979443416	.	106,1,0,0	*	*	A
U26942.1	2038	2039	call-1	0.3190083862282336	.	1,0,0,99	*	*	T
U26942.1	2078	2079	call-1	0.31230152977491343	.	0,1,103,0	*	*	G
U26942.1	2093	2094	call-1	0.31094217146960546	.	104,0,0,1	*	*	A
U26942.1	2134	2135	call-1	0.29843117298969446	.	113,0,0,1	*	*	A
U26942.1	2187	2188	call-1	0.30970015429966224	.	0,105,0,1	*	*	C
U26942.1	2221	2222	call-1	0.9033506262012452	.	0,1,103,1	*	*	G
U26942.1	2284	2285	call-1	0.3151021256344393	.	0,1,0,101	*	*	T
U26942.1	2313	2314	call-1	0.31740766904454176	.	100,0,0,1	*	*	A
U26942.1	2316	2317	call-1	0.31291282176971436	.	0,0,1,103	*	*	T
U26942.1	2353	2354	call-1	0.7973602949275573	.	116,2,0,0	*	*	A
U26942.1	2356	2357	call-1	0.30121481814421713	.	0,0,1,111	*	*	T
U26942.1	2376	2377	call-1	0.30315533836323993	.	110,0,0,1	*	*	A
U26942.1	2414	2415	call-1	0.2965154629666813	.	0,0,114,1	*	*	G
U26942.1	2463	2464	call-1	0.2936063689412549	.	0,117,1,0	*	*	C
U26942.1	2483	2484	call-1	0.28388861706207535	.	125,0,0,1	*	*	A
U26942.1	2488	2489	call-1	0.2870597408618778	.	0,1,0,122	*	*	T
U26942.1	2506	2507	call-1	0.29777418364028563	.	1,0,114,0	*	*	G
U26942.1	2511	2512	call-1	0.289281029077074	.	120,0,0,1	*	*	A
U26942.1	2517	2518	call-1	0.2997699026466307	.	0,0,112,1	*	*	G
U26942.1	2518	2519	call-1	0.2949071657562854	.	1,116,0,0	*	*	C
U26942.1	2551	2552	call-1	0.2884735327668295	.	0,121,1,0	*	*	C
U26942.1	2575	2576	call-1	0.8050348170072539	.	0,113,0,2	*	*	C
U26942.1	2597	2598	call-1	0.3097674810019271	.	105,0,0,1	*	*	A
U26942.1	2684	2685	call-1	0.3127223405795121	.	1,103,0,0	*	*	C
U26942.1	2725	2726	call-1	0.3081747936148531	.	0,1,106,0	*	*	G
U26942.1	2730	2731	call-1	0.3111879057250917	.	0,0,1,104	*	*	T
U26942.1	2734	2735	call-1	0.312899194263764	.	103,0,0,1	*	*	A
U26942.1	2757	2758	call-1	0.3103398748999098	.	0,1,104,0	*	*	G
U26942.1	2857	2858	call-1	0.3312879955219614	.	91,1,0,0	*	*	A
U26942.1	2874	2875	call-1	0.3381499016818452	.	87,0,1,0	*	*	A
U26942.1	2877	2878	call-1	0.3421769449121257	.	0,0,85,1	*	*	G
U26942.1	2879	2880	call-1	0.8843979197977205	.	85,0,0,2	*	*	A
U26942.1	2909	2910	call-1	0.35464671878230547	.	78,1,0,0	*	*	A
U26942.1	2926	2927	call-1	0.36043303664609994	.	1,75,0,0	*	*	C
U26942.1	2963	2964	call-1	0.3383224831195548	.	0,0,1,87	*	*	T
U26942.1	2993	2994	call-1	0.3319816591927065	.	0,0,91,1	*	*	G
U26942.1	3010	3011	call-1	0.320460918218032	.	98,0,1,0	*	*	A
U26942.1	3020	3021	call-1	0.32355387101415545	.	0,1,0,96	*	*	T
U26942.1	3021	3022	call-1	0.3200899490154825	.	0,0,98,1	*	*	G
U26942.1	3025	3026	call-1	0.32203634337406584	.	0,97,1,0	*	*	C
U26942.1	3030	3031	call-1	0.31918401585744505	.	99,1,0,0	*	*	A
U26942.1	3038	3039	call-1	0.31721235481086296	.	0,100,1,0	*	*	C
U26942.1	3051	3052	call-1	0.31335876046819067	.	102,0,1,0	*	*	A
U26942.1	3082	3083	call-1	0.2964367177780787	.	115,1,0,0	*	*	A
U26942.1	3131	3132	call-1	0.3193608783858508	.	0,0,99,1	*	*	G
U26942.1	3191	3192	call-1	0.3101406147470698	.	1,0,0,105	*	*	T
U26942.1	3250	3251	call-1	0.3109714154456924	.	1,0,104,0	*	*	G
U26942.1	3295	3296	call-1	0.2981452523963526	.	0,1,0,113	*	*	T
U26942.1	3328	3329	call-1	0.29900935148543795	.	1,113,0,0	*	*	C
U26942.1	3379	3380	call-1	0.312686970760069	.	0,0,103,1	*	*	G
U26942.1	3390	3391	call-1	0.8323940157424659	.	0,0,2,102	*	*	T
U26942.1	3405	3406	call-1	0.3195157962181838	.	99,1,0,0	*	*	A
U26942.1	3410	3411	call-1	0.3254930510884151	.	1,0,0,95	*	*	T
U26942.1	3431	3432	call-1	0.3328295308806446	.	0,90,1,0	*	*	C
U26942.1	3537	3538	call-1	0.3449498366894659	.	83,0,1,0	*	*	A
U26942.1	3550	3551	call-1	0.35317989658210536	.	79,1,0,0	*	*	A
U26942.1	3700	3701	call-1	0.3110014409217001	.	0,0,104,1	*	*	G
U26942.1	3706	3707	call-1	0.30634870009271253	.	107,0,1,0	*	*	A
U26942.1	3739	3740	call-1	0.3134470067470829	.	1,102,0,0	*	*	C
U26942.1	3776	3777	call-1	0.3224402952555465	.	0,0,97,1	*	*	G
U26942.1	3800	3801	call-1	0.3179782892384537	.	1,0,100,0	*	*	G
U26942.1	3845	3846	call-1	0.33986574236996603	.	1,86,0,0	*	*	C
U26942.1	3918	3919	call-1	0.34244081349106636	.	85,0,0,1	*	*	A
U26942.1	3929	3930	call-1	0.33000531868674443	.	1,0,92,0	*	*	G
U26942.1	3967	3968	call-1	0.32258116418961436	.	1,0,0,97	*	*	T
U26942.1	4021	4022	call-1	0.3109838013770059	.	0,1,0,104	*	*	T
U26942.1	4077	4078	call-1	0.3156543019192668	.	101,0,0,1	*	*	A
U26942.1	4130	4131	call-1	0.32766313098090905	.	0,93,1,0	*	*	C
U26942.1	4131	4132	call-1	0.3256144558554297	.	95,0,1,0	*	*	A
U26942.1	4186	4187	call-1	0.32825585128739476	.	1,0,0,93	*	*	T
U26942.1	4193	4194	call-1	0.3219322760267005	.	0,97,1,0	*	*	C
U26942.1	4293	4294	call-1	0.3399784702148736	.	0,86,1,0	*	*	C
U26942.1	4345	4346	call-1	0.33983570739178504	.	1,0,86,0	*	*	G
U26942.1	4427	4428	call-1	0.31290343888804273	.	103,0,1,0	*	*	A
U26942.1	4517	4518	call-1	0.2968594793940156	.	114,0,1,0	*	*	A
U26942.1	4523	4524	call-1	0.31079385391853975	.	104,0,1,0	*	*	A
U26942.1	4531	4532	call-1	0.3098941996618123	.	0,1,105,0	*	*	G
U26942.1	4567	4568	call-1	0.2873552452927015	.	122,1,0,0	*	*	A
U26942.1	4624	4625	call-1	0.2947079944424331	.	0,1,0,116	*	*	T
U26942.1	4632	4633	call-1	0.2987037526909262	.	0,1,0,113	*	*	T
U26942.1	4665	4666	call-1	0.28997503560458426	.	120,0,1,0	*	*	A
U26942.1	4668	4669	call-1	0.2911034809631019	.	0,1,119,0	*	*	G
U26942.1	4684	4685	call-1	0.2925339568535037	.	0,0,117,1	*	*	G
U26942.1	4728	4729	call-1	0.30755107308209517	.	106,0,0,1	*	*	A
U26942.1	4867	4868	call-1	0.305772902793251	.	108,1,0,0	*	*	A
U26942.1	4882	4883	call-1	0.31209296250494845	.	103,0,1,0	*	*	A
U26942.1	4906	4907	call-1	0.3066080185781175	.	1,0,107,0	*	*	G
U26942.1	4941	4942	call-1	0.30981002466319296	.	105,1,0,0	*	*	A
U26942.1	4983	4984	call-1	0.30780410576835493	.	0,106,0,1	*	*	C
U26942.1	5005	5006	call-1	0.32355527347954194	.	0,0,96,1	*	*	G
U26942.1	5029	5030	call-1	0.3210511713489268	.	98,0,0,1	*	*	A
U26942.1	5036	5037	call-1	0.3252542690606788	.	0,1,0,95	*	*	T
U26942.1	5040	5041	call-1	0.3254290954209864	.	1,0,0,95	*	*	T
U26942.1	5134	5135	call-1	0.287608983591781	.	1,122,0,0	*	*	C
U26942.1	5140	5141	call-1	0.29472700296901166	.	0,0,1,116	*	*	T
U26942.1	5198	5199	call-1	0.3005177296099646	.	1,0,112,0	*	*	G
U26942.1	5222	5223	call-1	0.2940092177500446	.	0,116,0,1	*	*	C
U26942.1	5246	5247	call-1	0.29996627139962584	.	1,112,0,0	*	*	C
U26942.1	5279	5280	call-1	0.3067408964270726	.	1,0,0,107	*	*	T
U26942.1	5329	5330	call-1	0.30843186378456267	.	106,0,0,1	*	*	A
U26942.1	5337	5338	call-1	0.3004786518245055	.	0,0,111,1	*	*	G
U26942.1	5415	5416	call-1	0.3254780076681527	.	1,95,0,0	*	*	C
U26942.1	5478	5479	call-1	0.32983431527623	.	0,92,1,0	*	*	C
U26942.1	5480	5481	call-1	0.3286996582157826	.	93,1,0,0	*	*	A
U26942.1	5487	5488	call-1	0.3374551215674728	.	1,0,0,88	*	*	T
U26942.1	5494	5495	call-1	0.33050645140906454	.	92,0,1,0	*	*	A
U26942.1	5557	5558	call-1	0.34111640053174597	.	0,0,86,1	*	*	G
U26942.1	5558	5559	call-1	0.878635217086412	.	0,2,0,87	*	*	T
U26942.1	5560	5561	call-1	0.34152903269887247	.	85,0,0,1	*	*	A
U26942.1	5570	5571	call-1	0.3433472045319377	.	0,84,1,0	*	*	C
U26942.1	5722	5723	call-1	0.2995331186102703	.	0,0,1,112	*	*	T
U26942.1	5738	5739	call-1	0.29784686415496253	.	114,1,0,0	*	*	A
U26942.1	5757	5758	call-1	0.29632105701602995	.	0,1,0,115	*	*	T
U26942.1	5772	5773	call-1	0.29802547421536474	.	113,0,1,0	*	*	A
U26942.1	5795	5796	call-1	0.29464805289171636	.	0,1,0,116	*	*	T
U26942.1	5804	5805	call-1	0.3037682703450173	.	0,0,109,1	*	*	G
U26942.1	5813	5814	call-1	0.3153260530671105	.	0,0,1,101	*	*	T
U26942.1	5827	5828	call-1	0.29982585638140336	.	0,112,1,0	*	*	C
U26942.1	5831	5832	call-1	0.30283369301832863	.	0,110,0,1	*	*	C
U26942.1	5900	5901	call-1	0.33238902291259365	.	91,0,1,0	*	*	A
U26942.1	5914	5915	call-1	0.34141279867844787	.	85,1,0,0	*	*	A
U26942.1	5921	5922	call-1	0.3488787168835188	.	81,0,1,0	*	*	A
U26942.1	5950	5951	call-1	0.35491258815955007	.	1,78,0,0	*	*	C
U26942.1	5979	5980	call-1	0.34901070917430843	.	81,0,1,0	*	*	A
U26942.1	6007	6008	call-1	0.34951335663504324	.	81,0,1,0	*	*	A
U26942.1	6021	6022	call-1	0.3402100101393444	.	86,1,0,0	*	*	A
U26942.1	6033	6034	call-1	0.3440897706134365	.	84,0,0,1	*	*	A
U26942.1	6093	6094	call-1	0.3308064205680239	.	92,0,0,1	*	*	A
U26942.1	6119	6120	call-1	0.33336979237469677	.	90,1,0,0	*	*	A
U26942.1	6149	6150	call-1	0.34053135761269004	.	86,0,0,1	*	*	A
U26942.1	6186	6187	call-1	0.34123883908614516	.	0,0,1,85	*	*	T
U26942.1	6205	6206	call-1	0.3441198608520608	.	1,0,84,0	*	*	G
U26942.1	6277	6278	call-1	0.3657932662613348	.	72,0,0,1	*	*	A
U26942.1	6305	6306	call-1	0.3635509975071045	.	73,0,1,0	*	*	A
U26942.1	6308	6309	call-1	0.3695695233764127	.	0,1,0,70	*	*	T
U26942.1	6311	6312	call-1	0.36742635478992725	.	71,0,0,1	*	*	A
U26942.1	6486	6487	call-1	0.3153950559049008	.	0,101,0,1	*	*	C
U26942.1	6499	6500	call-1	0.3225442330917758	.	0,97,0,1	*	*	C
U26942.1	6525	6526	call-1	0.32411629594048463	.	0,1,96,0	*	*	G
U26942.1	6531	6532	call-1	0.3257364153803337	.	0,1,95,0	*	*	G
U26942.1	6544	6545	call-1	0.3284492293605581	.	0,0,1,93	*	*	T
U26942.1	6562	6563	call-1	0.3206888190884456	.	0,0,98,1	*	*	G
U26942.1	6597	6598	call-1	0.30681169381773543	.	0,1,107,0	*	*	G
U26942.1	6604	6605	call-1	0.30732544909210446	.	0,1,107,0	*	*	G
U26942.1	6630	6631	call-1	0.32388124436920407	.	96,1,0,0	*	*	A
U26942.1	6682	6683	call-1	0.30823893514752854	.	0,106,0,1	*	*	C
U26942.1	6693	6694	call-1	0.3144370599538888	.	1,0,102,0	*	*	G
U26942.1	6700	6701	call-1	0.9319081811240721	.	97,1,0,1	*	*	A
U26942.1	6701	6702	call-1	0.32456810906660394	.	96,0,1,0	*	*	A
U26942.1	6727	6728	call-1	0.32788919747486034	.	0,1,93,0	*	*	G
U26942.1	6733	6734	call-1	0.33173858340069273	.	91,0,0,1	*	*	A
U26942.1	6734	6735	call-1	0.33160521341869753	.	91,1,0,0	*	*	A
U26942.1	6735	6736	call-1	0.33323841518722475	.	1,0,0,90	*	*	T
U26942.1	6754	6755	call-1	0.3283257884293107	.	0,93,1,0	*	*	C
U26942.1	6758	6759	call-1	0.3264352123499066	.	94,0,1,0	*	*	A
U26942.1	6815	6816	call-1	0.3120759933954105	.	0,1,0,103	*	*	T
U26942.1	6844	6845	call-1	0.31048119306001354	.	0,0,104,1	*	*	G
U26942.1	6865	6866	call-1	0.320617839911165	.	98,0,0,1	*	*	A
U26942.1	6867	6868	call-1	0.32081830995002747	.	98,0,1,0	*	*	A
U26942.1	6899	6900	call-1	0.3250324348352933	.	0,95,1,0	*	*	C
U26942.1	6907	6908	call-1	0.32210464135278016	.	0,0,1,97	*	*	T
U26942.1	6926	6927	call-1	0.3271240188041702	.	1,0,0,94	*	*	T
U26942.1	6986	6987	call-1	0.3364869164549873	.	0,88,1,0	*	*	C
U26942.1	7118	7119	call-1	0.3207149365191526	.	98,0,0,1	*	*	A
U26942.1	7124	7125	call-1	0.3333956712381223	.	90,1,0,0	*	*	A
U26942.1	7199	7200	call-1	0.3216278526147107	.	0,0,97,1	*	*	G
U26942.1	7206	7207	call-1	0.3156361254132207	.	1,0,101,0	*	*	G
U26942.1	7261	7262	call-1	0.32915732224978456	.	0,0,93,1	*	*	G
U26942.1	7273	7274	call-1	0.32854787492260584	.	1,93,0,0	*	*	C
U26942.1	7274	7275	call-1	0.32983284586021	.	0,0,92,1	*	*	G
U26942.1	7276	7277	call-1	0.3271526475941755	.	94,1,0,0	*	*	A
U26942.1	7282	7283	call-1	0.329536209140997	.	92,1,0,0	*	*	A
U26942.1	7308	7309	call-1	0.34933798164706786	.	81,0,0,1	*	*	A
U26942.1	7329	7330	call-1	0.349116368292016	.	81,1,0,0	*	*	A
U26942.1	7365	7366	call-1	0.33715200477831786	.	0,88,1,0	*	*	C
U26942.1	7413	7414	call-1	0.31736437285962893	.	1,0,100,0	*	*	G
U26942.1	7473	7474	call-1	0.3038805223768577	.	0,0,1,109	*	*	T
U26942.1	7519	7520	call-1	0.30690157872209056	.	107,1,0,0	*	*	A
U26942.1	7542	7543	call-1	0.3123347128198475	.	103,0,0,1	*	*	A
U26942.1	7555	7556	call-1	0.8314091629533777	.	103,0,2,0	*	*	A
U26942.1	7578	7579	call-1	0.3046002361224964	.	0,0,1,109	*	*	T
U26942.1	7636	7637	call-1	0.32088593393564224	.	0,0,1,98	*	*	T
U26942.1	7642	7643	call-1	0.31755862198770046	.	1,0,0,100	*	*	T
U26942.1	7664	7665	call-1	0.9312685934301044	.	0,97,1,1	*	*	C
U26942.1	7706	7707	call-1	0.3322207255005196	.	0,0,91,1	*	*	G
U26942.1	7707	7708	call-1	3.6181812224385794	.	92,2,1,2	*	*	A
U26942.1	7713	7714	call-1	2.578616813386361	.	1,2,98,1	*	*	G
U26942.1	7778	7779	call-1	0.30192365358266215	.	0,1,111,0	*	*	G
U26942.1	7788	7789	call-1	0.3009446692515212	.	111,1,0,0	*	*	A
U26942.1	7802	7803	call-1	0.2974251382984221	.	0,0,1,114	*	*	T
U26942.1	7803	7804	call-1	0.2979132614580067	.	0,0,114,1	*	*	G
U26942.1	7814	7815	call-1	0.2891637082032048	.	0,120,1,0	*	*	C
U26942.1	7815	7816	call-1	0.2882719921738044	.	121,0,1,0	*	*	A
U26942.1	7817	7818	call-1	0.2905207409562536	.	119,0,0,1	*	*	A
U26942.1	7818	7819	call-1	0.29638078485754704	.	0,1,115,0	*	*	G
U26942.1	7825	7826	call-1	0.29400712064852996	.	0,116,1,0	*	*	C
U26942.1	7835	7836	call-1	0.2839338805085845	.	125,0,0,1	*	*	A
U26942.1	7837	7838	call-1	0.2874016212299466	.	0,1,0,122	*	*	T
U26942.1	7852	7853	call-1	0.28280684655328514	.	0,126,1,0	*	*	C
U26942.1	7863	7864	call-1	0.2910484113235725	.	0,0,119,1	*	*	G
U26942.1	7870	7871	call-1	0.28763707051984966	.	1,0,0,121	*	*	T
U26942.1	7879	7880	call-1	0.2929186641704291	.	1,0,0,117	*	*	T
U26942.1	7882	7883	call-1	0.29137478740904044	.	1,0,119,0	*	*	G
U26942.1	7887	7888	call-1	0.291336769470945	.	0,0,1,119	*	*	T
U26942.1	7889	7890	call-1	0.2936362123557501	.	0,117,1,0	*	*	C
U26942.1	7893	7894	call-1	0.29511822713539004	.	0,1,0,116	*	*	T
U26942.1	7904	7905	call-1	0.29610880553605057	.	0,1,115,0	*	*	G
U26942.1	7909	7910	call-1	8.976693547290708	.	101,2,7,3	*	*	A
U26942.1	7914	7915	call-1	0.30294701088087095	.	0,110,1,0	*	*	C
U26942.1	7936	7937	call-1	0.30207551224157214	.	0,0,1,111	*	*	T
U26942.1	7940	7941	call-1	2.5001854772826846	.	105,1,1,2	*	*	A
U26942.1	7948	7949	call-1	0.308317942981148	.	1,0,106,0	*	*	G
U26942.1	7955	7956	call-1	0.31448762549666753	.	1,0,102,0	*	*	G
U26942.1	7989	7990	call-1	0.3250409751449297	.	0,95,1,0	*	*	C
U26942.1	7994	7995	call-1	0.32711137194246476	.	0,0,94,1	*	*	G
U26942.1	7995	7996	call-1	0.3279984325636178	.	1,0,0,93	*	*	T
U26942.1	8006	8007	call-1	0.3318338723370289	.	1,0,91,0	*	*	G
U26942.1	8013	8014	call-1	0.3305575552465143	.	92,0,1,0	*	*	A
U26942.1	8016	8017	call-1	0.3304815745784708	.	92,0,1,0	*	*	A
U26942.1	8032	8033	call-1	0.3246168013429269	.	0,1,0,95	*	*	T
U26942.1	8034	8035	call-1	0.33067645463461304	.	1,92,0,0	*	*	C
U26942.1	8061	8062	call-1	0.3320293768301781	.	0,1,91,0	*	*	G
U26942.1	8070	8071	call-1	0.34173998420419593	.	1,0,85,0	*	*	G
U26942.1	8073	8074	call-1	0.3421782832599547	.	85,0,1,0	*	*	A
U26942.1	8100	8101	call-1	0.3498563126195222	.	1,0,0,81	*	*	T
U26942.1	8104	8105	call-1	0.35744126055669767	.	0,1,77,0	*	*	G
U26942.1	8149	8150	call-1	0.9914502385606738	.	1,1,85,0	*	*	G
U26942.1	8210	8211	call-1	0.33503394725266844	.	1,0,0,89	*	*	T
U26942.1	8212	8213	call-1	0.33775107051974373	.	87,1,0,0	*	*	A
U26942.1	8218	8219	call-1	0.3295997122852441	.	92,0,0,1	*	*	A
U26942.1	8250	8251	call-1	0.3226403633161681	.	0,1,97,0	*	*	G
U26942.1	8255	8256	call-1	0.32215291357101705	.	0,1,97,0	*	*	G
U26942.1	8271	8272	call-1	0.3223861473240959	.	0,97,1,0	*	*	C
U26942.1	8272	8273	call-1	0.3284634811959677	.	0,93,1,0	*	*	C
U26942.1	8388	8389	call-1	0.3209604751318693	.	0,0,1,98	*	*	T
U26942.1	8402	8403	call-1	0.315537364573629	.	1,101,0,0	*	*	C
U26942.1	8415	8416	call-1	0.3239522814983502	.	1,0,0,96	*	*	T
U26942.1	8458	8459	call-1	0.29652547063074053	.	0,0,114,1	*	*	G
U26942.1	8466	8467	call-1	0.3059027522103861	.	0,1,0,108	*	*	T
U26942.1	8500	8501	call-1	0.29999427823349833	.	0,0,1,112	*	*	T
U26942.1	8517	8518	call-1	0.30262599519232936	.	110,1,0,0	*	*	A
U26942.1	8549	8550	call-1	0.3062333216184925	.	0,107,1,0	*	*	C
U26942.1	8553	8554	call-1	0.31022635257477305	.	0,1,105,0	*	*	G
U26942.1	8596	8597	call-1	0.3242175844461599	.	0,96,1,0	*	*	C
U26942.1	8604	8605	call-1	0.31401169280229624	.	102,0,1,0	*	*	A
U26942.1	8657	8658	call-1	0.3267601690022275	.	0,0,1,94	*	*	T
U26942.1	8679	8680	call-1	0.3185854470184495	.	99,1,0,0	*	*	A
U26942.1	8698	8699	call-1	0.3250260102934135	.	0,1,95,0	*	*	G
U26942.1	8706	8707	call-1	0.32241541434677856	.	97,0,1,0	*	*	A
U26942.1	8754	8755	call-1	0.33325338546978855	.	0,0,90,1	*	*	G
U26942.1	8758	8759	call-1	0.3337802446242222	.	0,90,1,0	*	*	C
U26942.1	8776	8777	call-1	0.3288230084551742	.	93,0,0,1	*	*	A
U26942.1	8804	8805	call-1	0.32875686777924784	.	0,1,93,0	*	*	G
U26942.1	8805	8806	call-1	9.077600710723544	.	87,3,3,6	*	*	A
U26942.1	8811	8812	call-1	0.3239089503431387	.	1,96,0,0	*	*	C
U26942.1	8814	8815	call-1	0.3284731653984636	.	0,1,0,93	*	*	T
U26942.1	8819	8820	call-1	4.458013991104075	.	89,0,2,4	*	*	A
U26942.1	8834	8835	call-1	0.330670958770952	.	0,0,92,1	*	*	G
U26942.1	8842	8843	call-1	0.326952978461577	.	0,1,94,0	*	*	G
U26942.1	8874	8875	call-1	0.34931473782989997	.	0,81,1,0	*	*	C
U26942.1	8878	8879	call-1	0.3573380230850489	.	77,0,1,0	*	*	A
U26942.1	8889	8890	call-1	0.3740882114507258	.	0,1,0,68	*	*	T
U26942.1	8936	8937	call-1	0.43450989620760083	.	0,1,0,45	*	*	T
